2022-08-03 16:26:52:2652 ERROR: Uncaught Exception: Error: Cannot find module 'express'
Require stack:
- C:\Users\Owner\Documents\GitHub\OpenFixtureLibrary\src\index.js
    at Function.Module._resolveFilename (node:internal/modules/cjs/loader:933:15)
    at Function.Module._load (node:internal/modules/cjs/loader:778:27)
    at Module.require (node:internal/modules/cjs/loader:1005:19)
    at require (node:internal/modules/cjs/helpers:94:18)
    at Object.<anonymous> (C:\Users\Owner\Documents\GitHub\OpenFixtureLibrary\src\index.js:5:17)
    at Module._compile (node:internal/modules/cjs/loader:1101:14)
    at Object.Module._extensions..js (node:internal/modules/cjs/loader:1153:10)
    at Module.load (node:internal/modules/cjs/loader:981:32)
    at Function.Module._load (node:internal/modules/cjs/loader:822:12)
    at Function.executeUserEntryPoint [as runMain] (node:internal/modules/run_main:79:12)
At uncaughtException
2022-08-03 16:27:25:2725 DEBUG: Starting webserver...
2022-08-03 16:27:25:2725 DEBUG: Webserver Listening on port undefined.
2022-08-03 16:28:27:2827 DEBUG: Starting webserver...
2022-08-03 16:28:27:2827 DEBUG: Webserver Listening on port 3000.
2022-08-03 16:35:32:3532 DEBUG: Starting webserver...
2022-08-03 16:35:32:3532 DEBUG: Webserver Listening on port 3000.
2022-08-03 16:36:19:3619 DEBUG: Starting webserver...
2022-08-03 16:36:19:3619 DEBUG: Webserver Listening on port 3000.
2022-08-03 16:36:33:3633 DEBUG: Starting webserver...
2022-08-03 16:36:33:3633 DEBUG: Webserver Listening on port 3000.
2022-08-03 16:40:02:402 DEBUG: Starting webserver...
2022-08-03 16:40:02:402 DEBUG: Webserver Listening on port 3000.
2022-08-03 16:40:17:4017 DEBUG: Starting webserver...
2022-08-03 16:40:17:4017 DEBUG: Webserver Listening on port 3000.
2022-08-03 16:40:25:4025 DEBUG: Starting webserver...
2022-08-03 16:40:25:4025 DEBUG: Webserver Listening on port 3000.
2022-08-03 16:41:58:4158 DEBUG: Starting webserver...
2022-08-03 16:41:58:4158 DEBUG: Webserver Listening on port 3000.
